
VCFtools - 0.1.16
(C) Adam Auton and Anthony Marcketta 2009

Parameters as interpreted:
	--vcf OUTPUTS_BATCH1-9_perChrom_vcf_20230310_genotypes.FINAL.chr14.vcf
	--out chr14_iisnp_forenseq
	--recode
	--snps iisnps_list

Warning: Expected at least 2 parts in FORMAT entry: ID=PGT,Number=1,Type=String,Description="Physical phasing haplotype information, describing how the alternate alleles are phased in relation to one another; will always be heterozygous and is not intended to describe called alleles">
Warning: Expected at least 2 parts in FORMAT entry: ID=PID,Number=1,Type=String,Description="Physical phasing ID information, where each unique ID within a given sample (but not across samples) connects records within a phasing group">
Warning: Expected at least 2 parts in FORMAT entry: ID=PL,Number=G,Type=Integer,Description="Normalized, Phred-scaled likelihoods for genotypes as defined in the VCF specification">
Warning: Expected at least 2 parts in FORMAT entry: ID=RGQ,Number=1,Type=Integer,Description="Unconditional reference genotype confidence, encoded as a phred quality -10*log10 p(genotype call is wrong)">
Warning: Expected at least 2 parts in INFO entry: ID=AC,Number=A,Type=Integer,Description="Allele count in genotypes, for each ALT allele, in the same order as listed">
Warning: Expected at least 2 parts in INFO entry: ID=AC,Number=A,Type=Integer,Description="Allele count in genotypes, for each ALT allele, in the same order as listed">
Warning: Expected at least 2 parts in INFO entry: ID=AF,Number=A,Type=Float,Description="Allele Frequency, for each ALT allele, in the same order as listed">
Warning: Expected at least 2 parts in INFO entry: ID=AF,Number=A,Type=Float,Description="Allele Frequency, for each ALT allele, in the same order as listed">
Warning: Expected at least 2 parts in INFO entry: ID=MLEAC,Number=A,Type=Integer,Description="Maximum likelihood expectation (MLE) for the allele counts (not necessarily the same as the AC), for each ALT allele, in the same order as listed">
Warning: Expected at least 2 parts in INFO entry: ID=MLEAC,Number=A,Type=Integer,Description="Maximum likelihood expectation (MLE) for the allele counts (not necessarily the same as the AC), for each ALT allele, in the same order as listed">
Warning: Expected at least 2 parts in INFO entry: ID=MLEAF,Number=A,Type=Float,Description="Maximum likelihood expectation (MLE) for the allele frequency (not necessarily the same as the AF), for each ALT allele, in the same order as listed">
Warning: Expected at least 2 parts in INFO entry: ID=MLEAF,Number=A,Type=Float,Description="Maximum likelihood expectation (MLE) for the allele frequency (not necessarily the same as the AF), for each ALT allele, in the same order as listed">
Warning: Expected at least 2 parts in INFO entry: ID=culprit,Number=1,Type=String,Description="The annotation which was the worst performing in the Gaussian mixture model, likely the reason why the variant was filtered out">
Warning: Expected at least 2 parts in INFO entry: ID=KGPilot123,Number=0,Type=Flag,Description="1000 Genome discovery all pilots 2010(1,2,3)">
Warning: Expected at least 2 parts in INFO entry: ID=KGPilot123,Number=0,Type=Flag,Description="1000 Genome discovery all pilots 2010(1,2,3)">
Warning: Expected at least 2 parts in INFO entry: ID=NOC,Number=0,Type=Flag,Description="Contig allele not present in variant allele list. The reference sequence allele at the mapped position is not present in the variant allele list, adjusted for orientation.">
Warning: Expected at least 2 parts in INFO entry: ID=WTD,Number=0,Type=Flag,Description="Is Withdrawn by submitter If one member ss is withdrawn by submitter, then this bit is set.  If all member ss' are withdrawn, then the rs is deleted to SNPHistory">
Warning: Expected at least 2 parts in INFO entry: ID=WTD,Number=0,Type=Flag,Description="Is Withdrawn by submitter If one member ss is withdrawn by submitter, then this bit is set.  If all member ss' are withdrawn, then the rs is deleted to SNPHistory">
Warning: Expected at least 2 parts in INFO entry: ID=CLNSIG,Number=.,Type=String,Description="Variant Clinical Significance, 0 - unknown, 1 - untested, 2 - non-pathogenic, 3 - probable-non-pathogenic, 4 - probable-pathogenic, 5 - pathogenic, 6 - drug-response, 7 - histocompatibility, 255 - other">
Warning: Expected at least 2 parts in INFO entry: ID=CLNSIG,Number=.,Type=String,Description="Variant Clinical Significance, 0 - unknown, 1 - untested, 2 - non-pathogenic, 3 - probable-non-pathogenic, 4 - probable-pathogenic, 5 - pathogenic, 6 - drug-response, 7 - histocompatibility, 255 - other">
Warning: Expected at least 2 parts in INFO entry: ID=CLNSIG,Number=.,Type=String,Description="Variant Clinical Significance, 0 - unknown, 1 - untested, 2 - non-pathogenic, 3 - probable-non-pathogenic, 4 - probable-pathogenic, 5 - pathogenic, 6 - drug-response, 7 - histocompatibility, 255 - other">
Warning: Expected at least 2 parts in INFO entry: ID=CLNSIG,Number=.,Type=String,Description="Variant Clinical Significance, 0 - unknown, 1 - untested, 2 - non-pathogenic, 3 - probable-non-pathogenic, 4 - probable-pathogenic, 5 - pathogenic, 6 - drug-response, 7 - histocompatibility, 255 - other">
Warning: Expected at least 2 parts in INFO entry: ID=CLNSIG,Number=.,Type=String,Description="Variant Clinical Significance, 0 - unknown, 1 - untested, 2 - non-pathogenic, 3 - probable-non-pathogenic, 4 - probable-pathogenic, 5 - pathogenic, 6 - drug-response, 7 - histocompatibility, 255 - other">
Warning: Expected at least 2 parts in INFO entry: ID=CLNSIG,Number=.,Type=String,Description="Variant Clinical Significance, 0 - unknown, 1 - untested, 2 - non-pathogenic, 3 - probable-non-pathogenic, 4 - probable-pathogenic, 5 - pathogenic, 6 - drug-response, 7 - histocompatibility, 255 - other">
Warning: Expected at least 2 parts in INFO entry: ID=CLNSIG,Number=.,Type=String,Description="Variant Clinical Significance, 0 - unknown, 1 - untested, 2 - non-pathogenic, 3 - probable-non-pathogenic, 4 - probable-pathogenic, 5 - pathogenic, 6 - drug-response, 7 - histocompatibility, 255 - other">
Warning: Expected at least 2 parts in INFO entry: ID=CLNSIG,Number=.,Type=String,Description="Variant Clinical Significance, 0 - unknown, 1 - untested, 2 - non-pathogenic, 3 - probable-non-pathogenic, 4 - probable-pathogenic, 5 - pathogenic, 6 - drug-response, 7 - histocompatibility, 255 - other">
Warning: Expected at least 2 parts in INFO entry: ID=CLNSIG,Number=.,Type=String,Description="Variant Clinical Significance, 0 - unknown, 1 - untested, 2 - non-pathogenic, 3 - probable-non-pathogenic, 4 - probable-pathogenic, 5 - pathogenic, 6 - drug-response, 7 - histocompatibility, 255 - other">
Warning: Expected at least 2 parts in INFO entry: ID=CLNALLE,Number=.,Type=Integer,Description="Variant alleles from REF or ALT columns.  0 is REF, 1 is the first ALT allele, etc.  This is used to match alleles with other corresponding clinical (CLN) INFO tags.  A value of -1 indicates that no allele was found to match a corresponding HGVS allele name.">
Warning: Expected at least 2 parts in INFO entry: ID=CLNALLE,Number=.,Type=Integer,Description="Variant alleles from REF or ALT columns.  0 is REF, 1 is the first ALT allele, etc.  This is used to match alleles with other corresponding clinical (CLN) INFO tags.  A value of -1 indicates that no allele was found to match a corresponding HGVS allele name.">
Warning: Expected at least 2 parts in INFO entry: ID=PH3,Number=0,Type=Flag,Description="HAP_MAP Phase 3 genotyped: filtered, non-redundant">
Warning: Expected at least 2 parts in INFO entry: ID=WGT,Number=1,Type=Integer,Description="Weight, 00 - unmapped, 1 - weight 1, 2 - weight 2, 3 - weight 3 or more">
Warning: Expected at least 2 parts in INFO entry: ID=WGT,Number=1,Type=Integer,Description="Weight, 00 - unmapped, 1 - weight 1, 2 - weight 2, 3 - weight 3 or more">
Warning: Expected at least 2 parts in INFO entry: ID=WGT,Number=1,Type=Integer,Description="Weight, 00 - unmapped, 1 - weight 1, 2 - weight 2, 3 - weight 3 or more">
Warning: Expected at least 2 parts in INFO entry: ID=WGT,Number=1,Type=Integer,Description="Weight, 00 - unmapped, 1 - weight 1, 2 - weight 2, 3 - weight 3 or more">
Warning: Expected at least 2 parts in INFO entry: ID=MTP,Number=0,Type=Flag,Description="Microattribution/third-party annotation(TPA:GWAS,PAGE)">
Warning: Expected at least 2 parts in INFO entry: ID=CAF,Number=.,Type=String,Description="An ordered, comma delimited list of allele frequencies based on 1000Genomes, starting with the reference allele followed by alternate alleles as ordered in the ALT column. Where a 1000Genomes alternate allele is not in the dbSNPs alternate allele set, the allele is added to the ALT column.  The minor allele is the second largest value in the list, and was previuosly reported in VCF as the GMAF.  This is the GMAF reported on the RefSNP and EntrezSNP pages and VariationReporter">
Warning: Expected at least 2 parts in INFO entry: ID=CAF,Number=.,Type=String,Description="An ordered, comma delimited list of allele frequencies based on 1000Genomes, starting with the reference allele followed by alternate alleles as ordered in the ALT column. Where a 1000Genomes alternate allele is not in the dbSNPs alternate allele set, the allele is added to the ALT column.  The minor allele is the second largest value in the list, and was previuosly reported in VCF as the GMAF.  This is the GMAF reported on the RefSNP and EntrezSNP pages and VariationReporter">
Warning: Expected at least 2 parts in INFO entry: ID=CAF,Number=.,Type=String,Description="An ordered, comma delimited list of allele frequencies based on 1000Genomes, starting with the reference allele followed by alternate alleles as ordered in the ALT column. Where a 1000Genomes alternate allele is not in the dbSNPs alternate allele set, the allele is added to the ALT column.  The minor allele is the second largest value in the list, and was previuosly reported in VCF as the GMAF.  This is the GMAF reported on the RefSNP and EntrezSNP pages and VariationReporter">
Warning: Expected at least 2 parts in INFO entry: ID=CAF,Number=.,Type=String,Description="An ordered, comma delimited list of allele frequencies based on 1000Genomes, starting with the reference allele followed by alternate alleles as ordered in the ALT column. Where a 1000Genomes alternate allele is not in the dbSNPs alternate allele set, the allele is added to the ALT column.  The minor allele is the second largest value in the list, and was previuosly reported in VCF as the GMAF.  This is the GMAF reported on the RefSNP and EntrezSNP pages and VariationReporter">
Warning: Expected at least 2 parts in INFO entry: ID=MUT,Number=0,Type=Flag,Description="Is mutation (journal citation, explicit fact): a low frequency variation that is cited in journal and other reputable sources">
Warning: Expected at least 2 parts in INFO entry: ID=SAO,Number=1,Type=Integer,Description="Variant Allele Origin: 0 - unspecified, 1 - Germline, 2 - Somatic, 3 - Both">
Warning: Expected at least 2 parts in INFO entry: ID=SAO,Number=1,Type=Integer,Description="Variant Allele Origin: 0 - unspecified, 1 - Germline, 2 - Somatic, 3 - Both">
Warning: Expected at least 2 parts in INFO entry: ID=SAO,Number=1,Type=Integer,Description="Variant Allele Origin: 0 - unspecified, 1 - Germline, 2 - Somatic, 3 - Both">
Warning: Expected at least 2 parts in INFO entry: ID=SSR,Number=1,Type=Integer,Description="Variant Suspect Reason Codes (may be more than one value added together) 0 - unspecified, 1 - Paralog, 2 - byEST, 4 - oldAlign, 8 - Para_EST, 16 - 1kg_failed, 1024 - other">
Warning: Expected at least 2 parts in INFO entry: ID=SSR,Number=1,Type=Integer,Description="Variant Suspect Reason Codes (may be more than one value added together) 0 - unspecified, 1 - Paralog, 2 - byEST, 4 - oldAlign, 8 - Para_EST, 16 - 1kg_failed, 1024 - other">
Warning: Expected at least 2 parts in INFO entry: ID=SSR,Number=1,Type=Integer,Description="Variant Suspect Reason Codes (may be more than one value added together) 0 - unspecified, 1 - Paralog, 2 - byEST, 4 - oldAlign, 8 - Para_EST, 16 - 1kg_failed, 1024 - other">
Warning: Expected at least 2 parts in INFO entry: ID=SSR,Number=1,Type=Integer,Description="Variant Suspect Reason Codes (may be more than one value added together) 0 - unspecified, 1 - Paralog, 2 - byEST, 4 - oldAlign, 8 - Para_EST, 16 - 1kg_failed, 1024 - other">
Warning: Expected at least 2 parts in INFO entry: ID=SSR,Number=1,Type=Integer,Description="Variant Suspect Reason Codes (may be more than one value added together) 0 - unspecified, 1 - Paralog, 2 - byEST, 4 - oldAlign, 8 - Para_EST, 16 - 1kg_failed, 1024 - other">
Warning: Expected at least 2 parts in INFO entry: ID=SSR,Number=1,Type=Integer,Description="Variant Suspect Reason Codes (may be more than one value added together) 0 - unspecified, 1 - Paralog, 2 - byEST, 4 - oldAlign, 8 - Para_EST, 16 - 1kg_failed, 1024 - other">
Warning: Expected at least 2 parts in INFO entry: ID=PM,Number=0,Type=Flag,Description="Variant is Precious(Clinical,Pubmed Cited)">
Warning: Expected at least 2 parts in INFO entry: ID=AMR_AF,Number=A,Type=Float,Description="Allele frequency in the AMR populations calculated from AC and AN, in the range (0,1)">
Warning: Expected at least 2 parts in INFO entry: ID=AMR_AF,Number=A,Type=Float,Description="Allele frequency in the AMR populations calculated from AC and AN, in the range (0,1)">
Warning: Expected at least 2 parts in INFO entry: ID=AFR_AF,Number=A,Type=Float,Description="Allele frequency in the AFR populations calculated from AC and AN, in the range (0,1)">
Warning: Expected at least 2 parts in INFO entry: ID=AFR_AF,Number=A,Type=Float,Description="Allele frequency in the AFR populations calculated from AC and AN, in the range (0,1)">
Warning: Expected at least 2 parts in INFO entry: ID=EAS_AF,Number=A,Type=Float,Description="Allele frequency in the EAS populations calculated from AC and AN, in the range (0,1)">
Warning: Expected at least 2 parts in INFO entry: ID=EAS_AF,Number=A,Type=Float,Description="Allele frequency in the EAS populations calculated from AC and AN, in the range (0,1)">
Warning: Expected at least 2 parts in INFO entry: ID=EUR_AF,Number=A,Type=Float,Description="Allele frequency in the EUR populations calculated from AC and AN, in the range (0,1)">
Warning: Expected at least 2 parts in INFO entry: ID=EUR_AF,Number=A,Type=Float,Description="Allele frequency in the EUR populations calculated from AC and AN, in the range (0,1)">
Warning: Expected at least 2 parts in INFO entry: ID=SAS_AF,Number=A,Type=Float,Description="Allele frequency in the SAS populations calculated from AC and AN, in the range (0,1)">
Warning: Expected at least 2 parts in INFO entry: ID=SAS_AF,Number=A,Type=Float,Description="Allele frequency in the SAS populations calculated from AC and AN, in the range (0,1)">
After filtering, kept 248 out of 248 Individuals
Outputting VCF file...
After filtering, kept 1 out of a possible 607704 Sites
Run Time = 84.00 seconds
